   Build using "/usr/local/Xilinx/Vivado/2019.2/tps/lnx64/gcc-6.2.0/bin/g++"
   Compiling apatb_DCT.cpp
   Compiling (apcc) dct.c_pre.c.tb.c
INFO: [HLS 200-10] Running '/usr/local/Xilinx/Vivado/2019.2/bin/unwrapped/lnx64.o/apcc'
INFO: [HLS 200-10] For user 'psc' on host 'PSC-Home-Linux' (Linux_x86_64 version 5.15.114-2-MANJARO) on Mon Jun 19 20:05:30 CST 2023
INFO: [HLS 200-10] On os "Manjaro Linux"
INFO: [HLS 200-10] In directory '/home/psc/Documents/DCT/HLS_Realization/dct/solution1/sim/wrapc'
clang: warning: argument unused during compilation: '-fno-builtin-isinf'
clang: warning: argument unused during compilation: '-fno-builtin-isnan'
INFO: [APCC 202-3] Tmp directory is /tmp/apcc_db_psc/1295081687176330236101
INFO: [APCC 202-1] APCC is done.
   Compiling (apcc) tb_DCT.c_pre.c.tb.c
INFO: [HLS 200-10] Running '/usr/local/Xilinx/Vivado/2019.2/bin/unwrapped/lnx64.o/apcc'
INFO: [HLS 200-10] For user 'psc' on host 'PSC-Home-Linux' (Linux_x86_64 version 5.15.114-2-MANJARO) on Mon Jun 19 20:05:32 CST 2023
INFO: [HLS 200-10] On os "Manjaro Linux"
INFO: [HLS 200-10] In directory '/home/psc/Documents/DCT/HLS_Realization/dct/solution1/sim/wrapc'
clang: warning: argument unused during compilation: '-fno-builtin-isinf'
clang: warning: argument unused during compilation: '-fno-builtin-isnan'
INFO: [APCC 202-3] Tmp directory is /tmp/apcc_db_psc/1295711687176332977100
INFO: [APCC 202-1] APCC is done.
   Generating cosim.tv.exe
