INFO: [SIM 2] *************** CSIM start ***************
INFO: [SIM 4] CSIM will launch GCC as the compiler.
   Compiling(apcc) ../../../../tb_DCT.c in debug mode
INFO: [HLS 200-10] Running '/usr/local/Xilinx/Vivado/2019.2/bin/unwrapped/lnx64.o/apcc'
INFO: [HLS 200-10] For user 'psc' on host 'PSC-Home-Linux' (Linux_x86_64 version 5.15.114-2-MANJARO) on Sun Jun 18 22:45:24 CST 2023
INFO: [HLS 200-10] On os "Manjaro Linux"
INFO: [HLS 200-10] In directory '/home/psc/Documents/DCT/HLS_Realization/dct/solution1/csim/build'
INFO: [APCC 202-3] Tmp directory is /tmp/apcc_db_psc/995701687099524299366
INFO: [APCC 202-1] APCC is done.
   Compiling(apcc) ../../../../dct.c in debug mode
INFO: [HLS 200-10] Running '/usr/local/Xilinx/Vivado/2019.2/bin/unwrapped/lnx64.o/apcc'
INFO: [HLS 200-10] For user 'psc' on host 'PSC-Home-Linux' (Linux_x86_64 version 5.15.114-2-MANJARO) on Sun Jun 18 22:45:27 CST 2023
INFO: [HLS 200-10] On os "Manjaro Linux"
INFO: [HLS 200-10] In directory '/home/psc/Documents/DCT/HLS_Realization/dct/solution1/csim/build'
INFO: [APCC 202-3] Tmp directory is /tmp/apcc_db_psc/996341687099527756112
INFO: [APCC 202-1] APCC is done.
   Generating csim.exe
Test passed !
INFO: [SIM 1] CSim done with 0 errors.
INFO: [SIM 3] *************** CSIM finish ***************
